# JRE version: Java(TM) SE Runtime Environment (17.0.2+8) (build 17.0.2+8-LTS-86)
# Java VM: Java HotSpot(TM) 64-Bit Server VM (17.0.2+8-LTS-86, mixed mode, emulated-client, sharing, tiered, compressed oops, compressed class ptrs, g1 gc, windows-amd64)
GC Precious Log:
 CPUs: 8 total, 8 available
 Memory: 16167M
 Large Page Support: Disabled
 NUMA Support: Disabled
 Compressed Oops: Enabled (Zero based)
 Heap Region Size: 2M
 Heap Min Capacity: 8M
 Heap Initial Capacity: 254M
 Heap Max Capacity: 4042M
 Pre-touch: Disabled
 Parallel Workers: 8
 Concurrent Workers: 2
 Concurrent Refinement Workers: 8
 Periodic GC: Disabled
Heap:
 garbage-first heap   total 61440K, used 22303K [0x0000000703600000, 0x0000000800000000)
  region size 2048K, 2 young (4096K), 2 survivors (4096K)
 Metaspace       used 33961K, committed 34496K, reserved 1081344K
  class space    used 4699K, committed 4928K, reserved 1048576K
GC Heap History (17 events):
Event: 0.793 GC heap before
{Heap before GC invocations=0 (full 0):
 garbage-first heap   total 260096K, used 20480K [0x0000000703600000, 0x0000000800000000)
  region size 2048K, 11 young (22528K), 0 survivors (0K)
 Metaspace       used 7012K, committed 7232K, reserved 1056768K
  class space    used 890K, committed 960K, reserved 1048576K
}
Event: 0.797 GC heap after
{Heap after GC invocations=1 (full 0):
 garbage-first heap   total 260096K, used 6471K [0x0000000703600000, 0x0000000800000000)
  region size 2048K, 2 young (4096K), 2 survivors (4096K)
 Metaspace       used 7012K, committed 7232K, reserved 1056768K
  class space    used 890K, committed 960K, reserved 1048576K
}
Event: 2.369 GC heap before
{Heap before GC invocations=1 (full 0):
 garbage-first heap   total 260096K, used 26951K [0x0000000703600000, 0x0000000800000000)
  region size 2048K, 12 young (24576K), 2 survivors (4096K)
 Metaspace       used 11320K, committed 11712K, reserved 1064960K
  class space    used 1548K, committed 1728K, reserved 1048576K
}
Event: 2.373 GC heap after
{Heap after GC invocations=2 (full 0):
 garbage-first heap   total 260096K, used 8623K [0x0000000703600000, 0x0000000800000000)
  region size 2048K, 1 young (2048K), 1 survivors (2048K)
 Metaspace       used 11320K, committed 11712K, reserved 1064960K
  class space    used 1548K, committed 1728K, reserved 1048576K
}
Event: 2.950 GC heap before
{Heap before GC invocations=2 (full 0):
 garbage-first heap   total 260096K, used 65967K [0x0000000703600000, 0x0000000800000000)
  region size 2048K, 29 young (59392K), 1 survivors (2048K)
 Metaspace       used 20359K, committed 20672K, reserved 1073152K
  class space    used 2784K, committed 2944K, reserved 1048576K
}
Event: 2.955 GC heap after
{Heap after GC invocations=3 (full 0):
 garbage-first heap   total 260096K, used 13015K [0x0000000703600000, 0x0000000800000000)
  region size 2048K, 4 young (8192K), 4 survivors (8192K)
 Metaspace       used 20359K, committed 20672K, reserved 1073152K
  class space    used 2784K, committed 2944K, reserved 1048576K
}
Event: 3.076 GC heap before
{Heap before GC invocations=3 (full 0):
 garbage-first heap   total 260096K, used 21207K [0x0000000703600000, 0x0000000800000000)
  region size 2048K, 9 young (18432K), 4 survivors (8192K)
 Metaspace       used 21222K, committed 21504K, reserved 1073152K
  class space    used 2906K, committed 3008K, reserved 1048576K
}
Event: 3.080 GC heap after
{Heap after GC invocations=4 (full 0):
 garbage-first heap   total 260096K, used 13229K [0x0000000703600000, 0x0000000800000000)
  region size 2048K, 4 young (8192K), 4 survivors (8192K)
 Metaspace       used 21222K, committed 21504K, reserved 1073152K
  class space    used 2906K, committed 3008K, reserved 1048576K
}
Event: 3.705 GC heap before
{Heap before GC invocations=5 (full 0):
 garbage-first heap   total 61440K, used 41901K [0x0000000703600000, 0x0000000800000000)
  region size 2048K, 18 young (36864K), 4 survivors (8192K)
 Metaspace       used 25033K, committed 25472K, reserved 1073152K
  class space    used 3460K, committed 3712K, reserved 1048576K
}
Event: 3.714 GC heap after
{Heap after GC invocations=6 (full 0):
 garbage-first heap   total 61440K, used 15357K [0x0000000703600000, 0x0000000800000000)
  region size 2048K, 2 young (4096K), 2 survivors (4096K)
 Metaspace       used 25033K, committed 25472K, reserved 1073152K
  class space    used 3460K, committed 3712K, reserved 1048576K
}
Event: 3.764 GC heap before
{Heap before GC invocations=6 (full 0):
 garbage-first heap   total 61440K, used 17405K [0x0000000703600000, 0x0000000800000000)
  region size 2048K, 3 young (6144K), 2 survivors (4096K)
 Metaspace       used 25237K, committed 25664K, reserved 1073152K
  class space    used 3494K, committed 3712K, reserved 1048576K
}
Event: 3.769 GC heap after
{Heap after GC invocations=7 (full 0):
 garbage-first heap   total 61440K, used 16123K [0x0000000703600000, 0x0000000800000000)
  region size 2048K, 1 young (2048K), 1 survivors (2048K)
 Metaspace       used 25237K, committed 25664K, reserved 1073152K
  class space    used 3494K, committed 3712K, reserved 1048576K
}
Event: 4.254 GC heap before
{Heap before GC invocations=7 (full 0):
 garbage-first heap   total 61440K, used 40699K [0x0000000703600000, 0x0000000800000000)
  region size 2048K, 13 young (26624K), 1 survivors (2048K)
 Metaspace       used 28520K, committed 28992K, reserved 1081344K
  class space    used 3947K, committed 4160K, reserved 1048576K
}
Event: 4.258 GC heap after
{Heap after GC invocations=8 (full 0):
 garbage-first heap   total 61440K, used 17907K [0x0000000703600000, 0x0000000800000000)
  region size 2048K, 2 young (4096K), 2 survivors (4096K)
 Metaspace       used 28520K, committed 28992K, reserved 1081344K
  class space    used 3947K, committed 4160K, reserved 1048576K
}
Event: 4.645 GC heap before
{Heap before GC invocations=8 (full 0):
 garbage-first heap   total 61440K, used 42483K [0x0000000703600000, 0x0000000800000000)
  region size 2048K, 14 young (28672K), 2 survivors (4096K)
 Metaspace       used 31737K, committed 32256K, reserved 1081344K
  class space    used 4395K, committed 4672K, reserved 1048576K
}
Event: 4.649 GC heap after
{Heap after GC invocations=9 (full 0):
 garbage-first heap   total 61440K, used 20159K [0x0000000703600000, 0x0000000800000000)
  region size 2048K, 2 young (4096K), 2 survivors (4096K)
 Metaspace       used 31737K, committed 32256K, reserved 1081344K
  class space    used 4395K, committed 4672K, reserved 1048576K
}
Event: 7.603 GC heap before
{Heap before GC invocations=9 (full 0):
 garbage-first heap   total 61440K, used 42687K [0x0000000703600000, 0x0000000800000000)
  region size 2048K, 13 young (26624K), 2 survivors (4096K)
 Metaspace       used 33961K, committed 34496K, reserved 1081344K
  class space    used 4699K, committed 4928K, reserved 1048576K
}

